  main.cpp
  engine.cpp
src\engine.cpp(59): warning C4244: '+=': conversion from 'double' to 'float', possible loss of data
  meshComponent.cpp
  physicComponent.cpp
  renderableComponent.cpp
  transformComponent.cpp
  entity.cpp
  rigidObject.cpp
  camera.cpp
  geometry.cpp
  mesh.cpp
  shader.cpp
  window.cpp
  physicsMgr.cpp
  renderMgr.cpp
  resource.cpp
  input.cpp
  logging.cpp
  fileIO.cpp
  fileOBJ.cpp
  Compiling...
  timer.cpp
src\utils\timer.cpp(34): warning C4244: 'return': conversion from 'unsigned __int64' to 'double', possible loss of data
  utility.cpp
  customAllocatorCallback.cpp
  customErrorCallback.cpp
  customEventCallback.cpp
LINK : warning LNK4098: defaultlib 'LIBCMT' conflicts with use of other libs; use /NODEFAULTLIB:library
  Generating code
  143 of 3962 functions ( 3.6%) were compiled, the rest were copied from previous compilation.
    0 functions were new in current compilation
    30 functions had inline decision re-evaluated but remain unchanged
  Finished generating code
glew32s.lib(glew.obj) : warning LNK4099: PDB 'vc120.pdb' was not found with 'glew32s.lib(glew.obj)' or at 'D:\yashar\github\RoboLab\x64\Release\vc120.pdb'; linking object as if no debug info
PhysX3Extensions.lib(ExtCpuWorkerThread.obj) : warning LNK4099: PDB 'PhysX3Extensions.pdb' was not found with 'PhysX3Extensions.lib(ExtCpuWorkerThread.obj)' or at 'D:\yashar\github\RoboLab\x64\Release\PhysX3Extensions.pdb'; linking object as if no debug info
PhysX3Extensions.lib(ExtD6Joint.obj) : warning LNK4099: PDB 'PhysX3Extensions.pdb' was not found with 'PhysX3Extensions.lib(ExtD6Joint.obj)' or at 'D:\yashar\github\RoboLab\x64\Release\PhysX3Extensions.pdb'; linking object as if no debug info
PhysX3Extensions.lib(ExtD6JointSolverPrep.obj) : warning LNK4099: PDB 'PhysX3Extensions.pdb' was not found with 'PhysX3Extensions.lib(ExtD6JointSolverPrep.obj)' or at 'D:\yashar\github\RoboLab\x64\Release\PhysX3Extensions.pdb'; linking object as if no debug info
PhysX3Extensions.lib(ExtDefaultCpuDispatcher.obj) : warning LNK4099: PDB 'PhysX3Extensions.pdb' was not found with 'PhysX3Extensions.lib(ExtDefaultCpuDispatcher.obj)' or at 'D:\yashar\github\RoboLab\x64\Release\PhysX3Extensions.pdb'; linking object as if no debug info
PhysX3Extensions.lib(ExtDefaultStreams.obj) : warning LNK4099: PDB 'PhysX3Extensions.pdb' was not found with 'PhysX3Extensions.lib(ExtDefaultStreams.obj)' or at 'D:\yashar\github\RoboLab\x64\Release\PhysX3Extensions.pdb'; linking object as if no debug info
PhysX3Extensions.lib(ExtDistanceJoint.obj) : warning LNK4099: PDB 'PhysX3Extensions.pdb' was not found with 'PhysX3Extensions.lib(ExtDistanceJoint.obj)' or at 'D:\yashar\github\RoboLab\x64\Release\PhysX3Extensions.pdb'; linking object as if no debug info
PhysX3Extensions.lib(ExtDistanceJointSolverPrep.obj) : warning LNK4099: PDB 'PhysX3Extensions.pdb' was not found with 'PhysX3Extensions.lib(ExtDistanceJointSolverPrep.obj)' or at 'D:\yashar\github\RoboLab\x64\Release\PhysX3Extensions.pdb'; linking object as if no debug info
PhysX3Extensions.lib(ExtExtensions.obj) : warning LNK4099: PDB 'PhysX3Extensions.pdb' was not found with 'PhysX3Extensions.lib(ExtExtensions.obj)' or at 'D:\yashar\github\RoboLab\x64\Release\PhysX3Extensions.pdb'; linking object as if no debug info
PhysX3Extensions.lib(ExtFixedJoint.obj) : warning LNK4099: PDB 'PhysX3Extensions.pdb' was not found with 'PhysX3Extensions.lib(ExtFixedJoint.obj)' or at 'D:\yashar\github\RoboLab\x64\Release\PhysX3Extensions.pdb'; linking object as if no debug info
PhysX3Extensions.lib(ExtFixedJointSolverPrep.obj) : warning LNK4099: PDB 'PhysX3Extensions.pdb' was not found with 'PhysX3Extensions.lib(ExtFixedJointSolverPrep.obj)' or at 'D:\yashar\github\RoboLab\x64\Release\PhysX3Extensions.pdb'; linking object as if no debug info
PhysX3Extensions.lib(ExtJoint.obj) : warning LNK4099: PDB 'PhysX3Extensions.pdb' was not found with 'PhysX3Extensions.lib(ExtJoint.obj)' or at 'D:\yashar\github\RoboLab\x64\Release\PhysX3Extensions.pdb'; linking object as if no debug info
PhysX3Extensions.lib(ExtPrismaticJoint.obj) : warning LNK4099: PDB 'PhysX3Extensions.pdb' was not found with 'PhysX3Extensions.lib(ExtPrismaticJoint.obj)' or at 'D:\yashar\github\RoboLab\x64\Release\PhysX3Extensions.pdb'; linking object as if no debug info
PhysX3Extensions.lib(ExtPrismaticJointSolverPrep.obj) : warning LNK4099: PDB 'PhysX3Extensions.pdb' was not found with 'PhysX3Extensions.lib(ExtPrismaticJointSolverPrep.obj)' or at 'D:\yashar\github\RoboLab\x64\Release\PhysX3Extensions.pdb'; linking object as if no debug info
PhysX3Extensions.lib(ExtRevoluteJoint.obj) : warning LNK4099: PDB 'PhysX3Extensions.pdb' was not found with 'PhysX3Extensions.lib(ExtRevoluteJoint.obj)' or at 'D:\yashar\github\RoboLab\x64\Release\PhysX3Extensions.pdb'; linking object as if no debug info
PhysX3Extensions.lib(ExtRevoluteJointSolverPrep.obj) : warning LNK4099: PDB 'PhysX3Extensions.pdb' was not found with 'PhysX3Extensions.lib(ExtRevoluteJointSolverPrep.obj)' or at 'D:\yashar\github\RoboLab\x64\Release\PhysX3Extensions.pdb'; linking object as if no debug info
PhysX3Extensions.lib(ExtRigidBodyExt.obj) : warning LNK4099: PDB 'PhysX3Extensions.pdb' was not found with 'PhysX3Extensions.lib(ExtRigidBodyExt.obj)' or at 'D:\yashar\github\RoboLab\x64\Release\PhysX3Extensions.pdb'; linking object as if no debug info
PhysX3Extensions.lib(ExtSphericalJoint.obj) : warning LNK4099: PDB 'PhysX3Extensions.pdb' was not found with 'PhysX3Extensions.lib(ExtSphericalJoint.obj)' or at 'D:\yashar\github\RoboLab\x64\Release\PhysX3Extensions.pdb'; linking object as if no debug info
PhysX3Extensions.lib(ExtSphericalJointSolverPrep.obj) : warning LNK4099: PDB 'PhysX3Extensions.pdb' was not found with 'PhysX3Extensions.lib(ExtSphericalJointSolverPrep.obj)' or at 'D:\yashar\github\RoboLab\x64\Release\PhysX3Extensions.pdb'; linking object as if no debug info
PhysX3Extensions.lib(SnJointRepXSerializer.obj) : warning LNK4099: PDB 'PhysX3Extensions.pdb' was not found with 'PhysX3Extensions.lib(SnJointRepXSerializer.obj)' or at 'D:\yashar\github\RoboLab\x64\Release\PhysX3Extensions.pdb'; linking object as if no debug info
PhysX3Extensions.lib(SnRepXCoreSerializer.obj) : warning LNK4099: PDB 'PhysX3Extensions.pdb' was not found with 'PhysX3Extensions.lib(SnRepXCoreSerializer.obj)' or at 'D:\yashar\github\RoboLab\x64\Release\PhysX3Extensions.pdb'; linking object as if no debug info
PhysX3Extensions.lib(PxExtensionAutoGeneratedMetaDataObjects.obj) : warning LNK4099: PDB 'PhysX3Extensions.pdb' was not found with 'PhysX3Extensions.lib(PxExtensionAutoGeneratedMetaDataObjects.obj)' or at 'D:\yashar\github\RoboLab\x64\Release\PhysX3Extensions.pdb'; linking object as if no debug info
tinyxml2.lib(tinyxml2.obj) : warning LNK4099: PDB 'tinyxml2_static.pdb' was not found with 'tinyxml2.lib(tinyxml2.obj)' or at 'D:\yashar\github\RoboLab\x64\Release\tinyxml2_static.pdb'; linking object as if no debug info
  Engine.vcxproj -> D:\yashar\github\RoboLab\x64\Release\Engine.exe
  Engine.vcxproj -> D:\yashar\github\RoboLab\x64\Release\Engine.pdb (Full PDB)
