e:\vs-2015_projects\robolab\engine\x64\release\vc140.pdb
e:\vs-2015_projects\robolab\engine\x64\release\customerrorcallback.obj
e:\vs-2015_projects\robolab\engine\x64\release\customallocatorcallback.obj
e:\vs-2015_projects\robolab\engine\x64\release\timer.obj
e:\vs-2015_projects\robolab\engine\x64\release\fileobj.obj
e:\vs-2015_projects\robolab\engine\x64\release\fileio.obj
e:\vs-2015_projects\robolab\engine\x64\release\logging.obj
e:\vs-2015_projects\robolab\engine\x64\release\input.obj
e:\vs-2015_projects\robolab\engine\x64\release\resourcemgr.obj
e:\vs-2015_projects\robolab\engine\x64\release\rendermgr.obj
e:\vs-2015_projects\robolab\engine\x64\release\physicsmgr.obj
e:\vs-2015_projects\robolab\engine\x64\release\window.obj
e:\vs-2015_projects\robolab\engine\x64\release\shader.obj
e:\vs-2015_projects\robolab\engine\x64\release\geometry.obj
e:\vs-2015_projects\robolab\engine\x64\release\camera.obj
e:\vs-2015_projects\robolab\engine\x64\release\rigidobject.obj
e:\vs-2015_projects\robolab\engine\x64\release\entity.obj
e:\vs-2015_projects\robolab\engine\x64\release\transformcomponent.obj
e:\vs-2015_projects\robolab\engine\x64\release\renderablecomponent.obj
e:\vs-2015_projects\robolab\engine\x64\release\physiccomponent.obj
e:\vs-2015_projects\robolab\engine\x64\release\main.obj
e:\vs-2015_projects\robolab\engine\x64\release\tinyxml2.obj
e:\vs-2015_projects\robolab\engine\x64\release\symbolstate.obj
e:\vs-2015_projects\robolab\engine\x64\release\statedescriptionreader.obj
e:\vs-2015_projects\robolab\engine\x64\release\spatialrelations.obj
e:\vs-2015_projects\robolab\engine\x64\release\geometricalstate.obj
e:\vs-2015_projects\robolab\engine\x64\release\connectedness.obj
e:\vs-2015_projects\robolab\engine\x64\release\customeventcallback.obj
e:\vs-2015_projects\robolab\x64\release\engine.exe
e:\vs-2015_projects\robolab\x64\release\engine.ipdb
e:\vs-2015_projects\robolab\x64\release\engine.iobj
e:\vs-2015_projects\robolab\x64\release\engine.pdb
e:\vs-2015_projects\robolab\engine\x64\release\engine.tlog\cl.command.1.tlog
e:\vs-2015_projects\robolab\engine\x64\release\engine.tlog\cl.read.1.tlog
e:\vs-2015_projects\robolab\engine\x64\release\engine.tlog\cl.write.1.tlog
e:\vs-2015_projects\robolab\engine\x64\release\engine.tlog\link.command.1.tlog
e:\vs-2015_projects\robolab\engine\x64\release\engine.tlog\link.read.1.tlog
e:\vs-2015_projects\robolab\engine\x64\release\engine.tlog\link.write.1.tlog
