d:\yashar\github\robolab\engine\x64\debug\vc140.pdb
d:\yashar\github\robolab\engine\x64\debug\vc140.idb
d:\yashar\github\robolab\engine\x64\debug\transformcomponent.obj
d:\yashar\github\robolab\engine\x64\debug\entity.obj
d:\yashar\github\robolab\engine\x64\debug\rigidobject.obj
d:\yashar\github\robolab\engine\x64\debug\camera.obj
d:\yashar\github\robolab\engine\x64\debug\geometry.obj
d:\yashar\github\robolab\engine\x64\debug\shader.obj
d:\yashar\github\robolab\engine\x64\debug\mesh.obj
d:\yashar\github\robolab\engine\x64\debug\window.obj
d:\yashar\github\robolab\engine\x64\debug\physicsmgr.obj
d:\yashar\github\robolab\engine\x64\debug\rendermgr.obj
d:\yashar\github\robolab\engine\x64\debug\resourcemgr.obj
d:\yashar\github\robolab\engine\x64\debug\input.obj
d:\yashar\github\robolab\engine\x64\debug\logging.obj
d:\yashar\github\robolab\engine\x64\debug\fileio.obj
d:\yashar\github\robolab\engine\x64\debug\fileobj.obj
d:\yashar\github\robolab\engine\x64\debug\timer.obj
d:\yashar\github\robolab\engine\x64\debug\utility.obj
d:\yashar\github\robolab\engine\x64\debug\customallocatorcallback.obj
d:\yashar\github\robolab\engine\x64\debug\customerrorcallback.obj
d:\yashar\github\robolab\engine\x64\debug\customeventcallback.obj
d:\yashar\github\robolab\engine\x64\debug\main.obj
d:\yashar\github\robolab\engine\x64\debug\engine.obj
d:\yashar\github\robolab\engine\x64\debug\physiccomponent.obj
d:\yashar\github\robolab\engine\x64\debug\renderablecomponent.obj
d:\yashar\github\robolab\x64\debug\engine.pdb
d:\yashar\github\robolab\engine\x64\debug\engine.tlog\cl.command.1.tlog
d:\yashar\github\robolab\engine\x64\debug\engine.tlog\cl.read.1.tlog
d:\yashar\github\robolab\engine\x64\debug\engine.tlog\cl.write.1.tlog
d:\yashar\github\robolab\engine\x64\debug\engine.tlog\link-cvtres.read.1.tlog
d:\yashar\github\robolab\engine\x64\debug\engine.tlog\link-cvtres.write.1.tlog
d:\yashar\github\robolab\engine\x64\debug\engine.tlog\link-rc.read.1.tlog
d:\yashar\github\robolab\engine\x64\debug\engine.tlog\link-rc.write.1.tlog
d:\yashar\github\robolab\engine\x64\debug\engine.tlog\link.command.1.tlog
d:\yashar\github\robolab\engine\x64\debug\engine.tlog\link.read.1.tlog
d:\yashar\github\robolab\engine\x64\debug\engine.tlog\link.write.1.tlog
